{"C:\\Users\\FlaviaFlora\\git\\ng-amrs\\test\\spec\\clinic-dashboard\\controllers\\clinic-dashboard.controller.test.js":{"path":"C:\\Users\\FlaviaFlora\\git\\ng-amrs\\test\\spec\\clinic-dashboard\\controllers\\clinic-dashboard.controller.test.js","s":{"1":1,"2":1,"3":0,"4":0,"5":0,"6":0,"7":0,"8":0,"9":0,"10":0,"11":0,"12":0,"13":0,"14":0,"15":0,"16":0,"17":0,"18":0,"19":0,"20":0,"21":0,"22":0,"23":0,"24":0,"25":0,"26":0,"27":0,"28":0,"29":0,"30":0,"31":0,"32":0,"33":0,"34":0,"35":0,"36":0},"b":{},"f":{"1":1,"2":0,"3":0,"4":0,"5":0,"6":0,"7":0,"8":0},"fnMap":{"1":{"name":"(anonymous_1)","line":4,"loc":{"start":{"line":4,"column":1},"end":{"line":4,"column":13}}},"2":{"name":"(anonymous_2)","line":6,"loc":{"start":{"line":6,"column":45},"end":{"line":6,"column":57}}},"3":{"name":"(anonymous_3)","line":15,"loc":{"start":{"line":15,"column":13},"end":{"line":15,"column":25}}},"4":{"name":"(anonymous_4)","line":23,"loc":{"start":{"line":23,"column":20},"end":{"line":23,"column":82}}},"5":{"name":"(anonymous_5)","line":38,"loc":{"start":{"line":38,"column":73},"end":{"line":38,"column":85}}},"6":{"name":"(anonymous_6)","line":46,"loc":{"start":{"line":46,"column":89},"end":{"line":46,"column":101}}},"7":{"name":"(anonymous_7)","line":51,"loc":{"start":{"line":51,"column":98},"end":{"line":51,"column":110}}},"8":{"name":"(anonymous_8)","line":59,"loc":{"start":{"line":59,"column":103},"end":{"line":59,"column":115}}}},"statementMap":{"1":{"start":{"line":4,"column":0},"end":{"line":72,"column":5}},"2":{"start":{"line":6,"column":1},"end":{"line":71,"column":4}},"3":{"start":{"line":8,"column":2},"end":{"line":8,"column":17}},"4":{"start":{"line":9,"column":2},"end":{"line":9,"column":18}},"5":{"start":{"line":10,"column":2},"end":{"line":10,"column":25}},"6":{"start":{"line":11,"column":2},"end":{"line":11,"column":22}},"7":{"start":{"line":12,"column":2},"end":{"line":12,"column":20}},"8":{"start":{"line":13,"column":2},"end":{"line":13,"column":22}},"9":{"start":{"line":15,"column":2},"end":{"line":19,"column":5}},"10":{"start":{"line":16,"column":3},"end":{"line":16,"column":33}},"11":{"start":{"line":17,"column":3},"end":{"line":17,"column":20}},"12":{"start":{"line":18,"column":3},"end":{"line":18,"column":38}},"13":{"start":{"line":21,"column":2},"end":{"line":21,"column":34}},"14":{"start":{"line":23,"column":2},"end":{"line":36,"column":6}},"15":{"start":{"line":29,"column":3},"end":{"line":29,"column":60}},"16":{"start":{"line":30,"column":3},"end":{"line":30,"column":64}},"17":{"start":{"line":31,"column":3},"end":{"line":31,"column":50}},"18":{"start":{"line":32,"column":3},"end":{"line":32,"column":39}},"19":{"start":{"line":33,"column":3},"end":{"line":33,"column":32}},"20":{"start":{"line":34,"column":3},"end":{"line":34,"column":201}},"21":{"start":{"line":38,"column":2},"end":{"line":44,"column":5}},"22":{"start":{"line":39,"column":3},"end":{"line":39,"column":31}},"23":{"start":{"line":42,"column":3},"end":{"line":42,"column":59}},"24":{"start":{"line":43,"column":3},"end":{"line":43,"column":56}},"25":{"start":{"line":46,"column":2},"end":{"line":49,"column":5}},"26":{"start":{"line":48,"column":3},"end":{"line":48,"column":61}},"27":{"start":{"line":51,"column":2},"end":{"line":57,"column":5}},"28":{"start":{"line":52,"column":3},"end":{"line":52,"column":39}},"29":{"start":{"line":53,"column":3},"end":{"line":53,"column":51}},"30":{"start":{"line":55,"column":3},"end":{"line":55,"column":39}},"31":{"start":{"line":56,"column":3},"end":{"line":56,"column":51}},"32":{"start":{"line":59,"column":2},"end":{"line":69,"column":5}},"33":{"start":{"line":61,"column":3},"end":{"line":61,"column":96}},"34":{"start":{"line":64,"column":3},"end":{"line":64,"column":61}},"35":{"start":{"line":65,"column":3},"end":{"line":65,"column":64}},"36":{"start":{"line":67,"column":3},"end":{"line":67,"column":80}}},"branchMap":{}}}