TN:
SF:C:\Users\FlaviaFlora\git\ng-amrs\test\spec\clinic-dashboard\controllers\clinic-dashboard.controller.test.js
FN:4,(anonymous_1)
FN:6,(anonymous_2)
FN:15,(anonymous_3)
FN:23,(anonymous_4)
FN:38,(anonymous_5)
FN:46,(anonymous_6)
FN:51,(anonymous_7)
FN:59,(anonymous_8)
FNF:8
FNH:1
FNDA:1,(anonymous_1)
FNDA:0,(anonymous_2)
FNDA:0,(anonymous_3)
FNDA:0,(anonymous_4)
FNDA:0,(anonymous_5)
FNDA:0,(anonymous_6)
FNDA:0,(anonymous_7)
FNDA:0,(anonymous_8)
DA:4,1
DA:6,1
DA:8,0
DA:9,0
DA:10,0
DA:11,0
DA:12,0
DA:13,0
DA:15,0
DA:16,0
DA:17,0
DA:18,0
DA:21,0
DA:23,0
DA:29,0
DA:30,0
DA:31,0
DA:32,0
DA:33,0
DA:34,0
DA:38,0
DA:39,0
DA:42,0
DA:43,0
DA:46,0
DA:48,0
DA:51,0
DA:52,0
DA:53,0
DA:55,0
DA:56,0
DA:59,0
DA:61,0
DA:64,0
DA:65,0
DA:67,0
LF:36
LH:2
BRF:0
BRH:0
end_of_record
