{"C:\\Users\\FlaviaFlora\\git\\ng-amrs\\test\\spec\\authentication\\controllers\\login.controller.test.js":{"path":"C:\\Users\\FlaviaFlora\\git\\ng-amrs\\test\\spec\\authentication\\controllers\\login.controller.test.js","s":{"1":1,"2":1,"3":0,"4":0,"5":0,"6":0,"7":0,"8":0,"9":0,"10":0,"11":0,"12":0,"13":0,"14":0,"15":0,"16":0,"17":0,"18":0,"19":0,"20":0,"21":0,"22":0,"23":0,"24":0,"25":0,"26":0,"27":0,"28":0,"29":0,"30":0,"31":0,"32":0},"b":{},"f":{"1":1,"2":0,"3":0,"4":0,"5":0,"6":0,"7":0,"8":0,"9":0,"10":0,"11":0,"12":0},"fnMap":{"1":{"name":"(anonymous_1)","line":4,"loc":{"start":{"line":4,"column":1},"end":{"line":4,"column":12}}},"2":{"name":"(anonymous_2)","line":6,"loc":{"start":{"line":6,"column":36},"end":{"line":6,"column":47}}},"3":{"name":"(anonymous_3)","line":13,"loc":{"start":{"line":13,"column":15},"end":{"line":13,"column":26}}},"4":{"name":"(anonymous_4)","line":19,"loc":{"start":{"line":19,"column":15},"end":{"line":19,"column":26}}},"5":{"name":"(anonymous_5)","line":24,"loc":{"start":{"line":24,"column":22},"end":{"line":24,"column":68}}},"6":{"name":"(anonymous_6)","line":39,"loc":{"start":{"line":39,"column":59},"end":{"line":39,"column":70}}},"7":{"name":"(anonymous_7)","line":44,"loc":{"start":{"line":44,"column":60},"end":{"line":44,"column":71}}},"8":{"name":"(anonymous_8)","line":49,"loc":{"start":{"line":49,"column":55},"end":{"line":49,"column":66}}},"9":{"name":"(anonymous_9)","line":56,"loc":{"start":{"line":56,"column":39},"end":{"line":56,"column":50}}},"10":{"name":"(anonymous_10)","line":57,"loc":{"start":{"line":57,"column":45},"end":{"line":57,"column":56}}},"11":{"name":"(anonymous_11)","line":63,"loc":{"start":{"line":63,"column":27},"end":{"line":63,"column":38}}},"12":{"name":"(anonymous_12)","line":64,"loc":{"start":{"line":64,"column":51},"end":{"line":64,"column":66}}}},"statementMap":{"1":{"start":{"line":4,"column":0},"end":{"line":112,"column":5}},"2":{"start":{"line":6,"column":2},"end":{"line":111,"column":5}},"3":{"start":{"line":8,"column":4},"end":{"line":8,"column":19}},"4":{"start":{"line":9,"column":4},"end":{"line":9,"column":20}},"5":{"start":{"line":10,"column":4},"end":{"line":10,"column":20}},"6":{"start":{"line":11,"column":4},"end":{"line":11,"column":14}},"7":{"start":{"line":13,"column":4},"end":{"line":17,"column":7}},"8":{"start":{"line":14,"column":6},"end":{"line":14,"column":35}},"9":{"start":{"line":15,"column":6},"end":{"line":15,"column":36}},"10":{"start":{"line":19,"column":4},"end":{"line":22,"column":7}},"11":{"start":{"line":21,"column":6},"end":{"line":21,"column":36}},"12":{"start":{"line":24,"column":4},"end":{"line":75,"column":8}},"13":{"start":{"line":34,"column":6},"end":{"line":34,"column":32}},"14":{"start":{"line":35,"column":6},"end":{"line":35,"column":42}},"15":{"start":{"line":36,"column":6},"end":{"line":36,"column":85}},"16":{"start":{"line":39,"column":5},"end":{"line":42,"column":7}},"17":{"start":{"line":41,"column":6},"end":{"line":41,"column":34}},"18":{"start":{"line":44,"column":4},"end":{"line":47,"column":7}},"19":{"start":{"line":46,"column":6},"end":{"line":46,"column":41}},"20":{"start":{"line":49,"column":4},"end":{"line":53,"column":7}},"21":{"start":{"line":51,"column":6},"end":{"line":51,"column":47}},"22":{"start":{"line":52,"column":6},"end":{"line":52,"column":59}},"23":{"start":{"line":56,"column":4},"end":{"line":72,"column":7}},"24":{"start":{"line":57,"column":6},"end":{"line":71,"column":9}},"25":{"start":{"line":58,"column":8},"end":{"line":58,"column":57}},"26":{"start":{"line":59,"column":8},"end":{"line":59,"column":34}},"27":{"start":{"line":62,"column":8},"end":{"line":62,"column":26}},"28":{"start":{"line":63,"column":8},"end":{"line":67,"column":10}},"29":{"start":{"line":64,"column":10},"end":{"line":66,"column":13}},"30":{"start":{"line":65,"column":12},"end":{"line":65,"column":25}},"31":{"start":{"line":69,"column":8},"end":{"line":69,"column":23}},"32":{"start":{"line":70,"column":8},"end":{"line":70,"column":37}}},"branchMap":{}}}